<?xml version="1.0" encoding="UTF-8"?>
<testng-results skipped="0" failed="0" ignored="0" total="1" passed="1">
  <reporter-output>
  </reporter-output>
  <suite name="All Test Suite" duration-ms="7546" started-at="2019-08-06T16:13:02Z" finished-at="2019-08-06T16:13:09Z">
    <groups>
    </groups>
    <test name="C:/Automation/workspace/SeleniumCMD/src/CMDPackage" duration-ms="7546" started-at="2019-08-06T16:13:02Z" finished-at="2019-08-06T16:13:09Z">
      <class name="CMDPackage.test1">
        <test-method status="PASS" signature="InitVariables()[pri:0, instance:CMDPackage.test1@1888ff2c]" name="InitVariables" is-config="true" duration-ms="2851" started-at="2019-08-06T19:13:02Z" finished-at="2019-08-06T19:13:05Z">
          <reporter-output>
          </reporter-output>
        </test-method> <!-- InitVariables -->
        <test-method status="PASS" signature="func1()[pri:0, instance:CMDPackage.test1@1888ff2c]" name="func1" duration-ms="4672" started-at="2019-08-06T19:13:05Z" finished-at="2019-08-06T19:13:09Z">
          <reporter-output>
          </reporter-output>
        </test-method> <!-- func1 -->
      </class> <!-- CMDPackage.test1 -->
    </test> <!-- C:/Automation/workspace/SeleniumCMD/src/CMDPackage -->
  </suite> <!-- All Test Suite -->
</testng-results>
